Namespace(arch='UNet', class_cond=-1, diffusion_steps=1000, sampling_steps=250, ddim=True, dataset='meta', data_dir='./', batch_size=1024, lr=0.0001, epochs=500, ema_w=0.9995, pretrained_ckpt=None, delete_keys=None, sampling_only=False, num_sampled_images=50000, save_dir='/data/housen/meta/55', local_rank=0, seed=112233, y=None, device='cuda:0')
We are assuming that model input/ouput pixel range is [-1, 1]. Please adhere to it.
Using distributed training on 4 gpus.
Training dataset loaded: Number of batches: 162, Number of images: 164883
2024-05-23 15:59:50	Steps: 1/81000 	 loss (ema): 0.998 	 Time elapsed: 0.003 hr
2024-05-23 16:01:47	Steps: 163/81000 	 loss (ema): 0.033 	 Time elapsed: 0.035 hr
2024-05-23 16:04:25	Steps: 325/81000 	 loss (ema): 0.017 	 Time elapsed: 0.079 hr
2024-05-23 16:06:21	Steps: 487/81000 	 loss (ema): 0.015 	 Time elapsed: 0.111 hr
2024-05-23 16:09:00	Steps: 649/81000 	 loss (ema): 0.013 	 Time elapsed: 0.155 hr
2024-05-23 16:10:56	Steps: 811/81000 	 loss (ema): 0.012 	 Time elapsed: 0.188 hr
2024-05-23 16:13:36	Steps: 973/81000 	 loss (ema): 0.012 	 Time elapsed: 0.232 hr
2024-05-23 16:15:32	Steps: 1135/81000 	 loss (ema): 0.011 	 Time elapsed: 0.264 hr
2024-05-23 16:18:10	Steps: 1297/81000 	 loss (ema): 0.010 	 Time elapsed: 0.308 hr
2024-05-23 16:20:07	Steps: 1459/81000 	 loss (ema): 0.009 	 Time elapsed: 0.340 hr
2024-05-23 16:22:46	Steps: 1621/81000 	 loss (ema): 0.010 	 Time elapsed: 0.385 hr
2024-05-23 16:24:42	Steps: 1783/81000 	 loss (ema): 0.009 	 Time elapsed: 0.417 hr
2024-05-23 16:27:21	Steps: 1945/81000 	 loss (ema): 0.009 	 Time elapsed: 0.461 hr
2024-05-23 16:29:18	Steps: 2107/81000 	 loss (ema): 0.008 	 Time elapsed: 0.494 hr
2024-05-23 16:31:57	Steps: 2269/81000 	 loss (ema): 0.010 	 Time elapsed: 0.538 hr
2024-05-23 16:33:53	Steps: 2431/81000 	 loss (ema): 0.009 	 Time elapsed: 0.570 hr
2024-05-23 16:36:32	Steps: 2593/81000 	 loss (ema): 0.009 	 Time elapsed: 0.614 hr
2024-05-23 16:38:28	Steps: 2755/81000 	 loss (ema): 0.009 	 Time elapsed: 0.646 hr
2024-05-23 16:41:07	Steps: 2917/81000 	 loss (ema): 0.008 	 Time elapsed: 0.691 hr
2024-05-23 16:43:03	Steps: 3079/81000 	 loss (ema): 0.008 	 Time elapsed: 0.723 hr
2024-05-23 16:45:42	Steps: 3241/81000 	 loss (ema): 0.008 	 Time elapsed: 0.767 hr
2024-05-23 16:47:38	Steps: 3403/81000 	 loss (ema): 0.008 	 Time elapsed: 0.799 hr
2024-05-23 16:50:18	Steps: 3565/81000 	 loss (ema): 0.007 	 Time elapsed: 0.843 hr
2024-05-23 16:52:14	Steps: 3727/81000 	 loss (ema): 0.008 	 Time elapsed: 0.876 hr
2024-05-23 16:54:53	Steps: 3889/81000 	 loss (ema): 0.007 	 Time elapsed: 0.920 hr
2024-05-23 16:56:49	Steps: 4051/81000 	 loss (ema): 0.007 	 Time elapsed: 0.952 hr
2024-05-23 16:59:28	Steps: 4213/81000 	 loss (ema): 0.007 	 Time elapsed: 0.996 hr
2024-05-23 17:01:24	Steps: 4375/81000 	 loss (ema): 0.007 	 Time elapsed: 1.029 hr
2024-05-23 17:04:03	Steps: 4537/81000 	 loss (ema): 0.007 	 Time elapsed: 1.073 hr
2024-05-23 17:06:00	Steps: 4699/81000 	 loss (ema): 0.008 	 Time elapsed: 1.105 hr
2024-05-23 17:08:38	Steps: 4861/81000 	 loss (ema): 0.008 	 Time elapsed: 1.149 hr
2024-05-23 17:10:35	Steps: 5023/81000 	 loss (ema): 0.006 	 Time elapsed: 1.182 hr
2024-05-23 17:13:13	Steps: 5185/81000 	 loss (ema): 0.007 	 Time elapsed: 1.226 hr
2024-05-23 17:15:10	Steps: 5347/81000 	 loss (ema): 0.008 	 Time elapsed: 1.258 hr
2024-05-23 17:17:48	Steps: 5509/81000 	 loss (ema): 0.006 	 Time elapsed: 1.302 hr
2024-05-23 17:19:45	Steps: 5671/81000 	 loss (ema): 0.007 	 Time elapsed: 1.334 hr
2024-05-23 17:22:23	Steps: 5833/81000 	 loss (ema): 0.007 	 Time elapsed: 1.378 hr
2024-05-23 17:24:20	Steps: 5995/81000 	 loss (ema): 0.007 	 Time elapsed: 1.411 hr
2024-05-23 17:27:00	Steps: 6157/81000 	 loss (ema): 0.006 	 Time elapsed: 1.455 hr
2024-05-23 17:28:57	Steps: 6319/81000 	 loss (ema): 0.007 	 Time elapsed: 1.488 hr
2024-05-23 17:31:36	Steps: 6481/81000 	 loss (ema): 0.007 	 Time elapsed: 1.532 hr
2024-05-23 17:33:32	Steps: 6643/81000 	 loss (ema): 0.006 	 Time elapsed: 1.564 hr
2024-05-23 17:36:11	Steps: 6805/81000 	 loss (ema): 0.007 	 Time elapsed: 1.608 hr
2024-05-23 17:38:07	Steps: 6967/81000 	 loss (ema): 0.006 	 Time elapsed: 1.641 hr
2024-05-23 17:40:46	Steps: 7129/81000 	 loss (ema): 0.006 	 Time elapsed: 1.685 hr
2024-05-23 17:42:43	Steps: 7291/81000 	 loss (ema): 0.007 	 Time elapsed: 1.717 hr
2024-05-23 17:45:22	Steps: 7453/81000 	 loss (ema): 0.007 	 Time elapsed: 1.761 hr
2024-05-23 17:47:19	Steps: 7615/81000 	 loss (ema): 0.006 	 Time elapsed: 1.794 hr
2024-05-23 17:49:59	Steps: 7777/81000 	 loss (ema): 0.006 	 Time elapsed: 1.838 hr
2024-05-23 17:51:56	Steps: 7939/81000 	 loss (ema): 0.007 	 Time elapsed: 1.871 hr
2024-05-23 17:54:35	Steps: 8101/81000 	 loss (ema): 0.007 	 Time elapsed: 1.915 hr
2024-05-23 17:56:31	Steps: 8263/81000 	 loss (ema): 0.007 	 Time elapsed: 1.947 hr
2024-05-23 17:59:10	Steps: 8425/81000 	 loss (ema): 0.006 	 Time elapsed: 1.991 hr
2024-05-23 18:01:06	Steps: 8587/81000 	 loss (ema): 0.007 	 Time elapsed: 2.024 hr
2024-05-23 18:03:45	Steps: 8749/81000 	 loss (ema): 0.006 	 Time elapsed: 2.068 hr
2024-05-23 18:05:42	Steps: 8911/81000 	 loss (ema): 0.006 	 Time elapsed: 2.100 hr
2024-05-23 18:08:20	Steps: 9073/81000 	 loss (ema): 0.007 	 Time elapsed: 2.144 hr
2024-05-23 18:10:17	Steps: 9235/81000 	 loss (ema): 0.006 	 Time elapsed: 2.177 hr
2024-05-23 18:12:56	Steps: 9397/81000 	 loss (ema): 0.006 	 Time elapsed: 2.221 hr
2024-05-23 18:14:53	Steps: 9559/81000 	 loss (ema): 0.007 	 Time elapsed: 2.253 hr
2024-05-23 18:17:31	Steps: 9721/81000 	 loss (ema): 0.006 	 Time elapsed: 2.297 hr
2024-05-23 18:19:28	Steps: 9883/81000 	 loss (ema): 0.008 	 Time elapsed: 2.330 hr
2024-05-23 18:22:07	Steps: 10045/81000 	 loss (ema): 0.006 	 Time elapsed: 2.374 hr
2024-05-23 18:24:03	Steps: 10207/81000 	 loss (ema): 0.006 	 Time elapsed: 2.406 hr
2024-05-23 18:26:43	Steps: 10369/81000 	 loss (ema): 0.007 	 Time elapsed: 2.450 hr
2024-05-23 18:28:39	Steps: 10531/81000 	 loss (ema): 0.006 	 Time elapsed: 2.483 hr
2024-05-23 18:31:18	Steps: 10693/81000 	 loss (ema): 0.007 	 Time elapsed: 2.527 hr
2024-05-23 18:33:14	Steps: 10855/81000 	 loss (ema): 0.006 	 Time elapsed: 2.559 hr
2024-05-23 18:35:54	Steps: 11017/81000 	 loss (ema): 0.006 	 Time elapsed: 2.603 hr
2024-05-23 18:37:50	Steps: 11179/81000 	 loss (ema): 0.006 	 Time elapsed: 2.636 hr
2024-05-23 18:40:29	Steps: 11341/81000 	 loss (ema): 0.006 	 Time elapsed: 2.680 hr
2024-05-23 18:42:25	Steps: 11503/81000 	 loss (ema): 0.006 	 Time elapsed: 2.712 hr
2024-05-23 18:45:04	Steps: 11665/81000 	 loss (ema): 0.006 	 Time elapsed: 2.756 hr
2024-05-23 18:47:00	Steps: 11827/81000 	 loss (ema): 0.006 	 Time elapsed: 2.789 hr
2024-05-23 18:49:39	Steps: 11989/81000 	 loss (ema): 0.006 	 Time elapsed: 2.833 hr
2024-05-23 18:51:36	Steps: 12151/81000 	 loss (ema): 0.006 	 Time elapsed: 2.865 hr
2024-05-23 18:54:15	Steps: 12313/81000 	 loss (ema): 0.007 	 Time elapsed: 2.909 hr
2024-05-23 18:56:14	Steps: 12475/81000 	 loss (ema): 0.006 	 Time elapsed: 2.942 hr
2024-05-23 18:58:55	Steps: 12637/81000 	 loss (ema): 0.006 	 Time elapsed: 2.987 hr
2024-05-23 19:00:52	Steps: 12799/81000 	 loss (ema): 0.006 	 Time elapsed: 3.020 hr
2024-05-23 19:03:32	Steps: 12961/81000 	 loss (ema): 0.007 	 Time elapsed: 3.064 hr
2024-05-23 19:05:29	Steps: 13123/81000 	 loss (ema): 0.006 	 Time elapsed: 3.097 hr
2024-05-23 19:08:08	Steps: 13285/81000 	 loss (ema): 0.006 	 Time elapsed: 3.141 hr
2024-05-23 19:10:04	Steps: 13447/81000 	 loss (ema): 0.006 	 Time elapsed: 3.173 hr
2024-05-23 19:12:43	Steps: 13609/81000 	 loss (ema): 0.007 	 Time elapsed: 3.217 hr
2024-05-23 19:14:44	Steps: 13771/81000 	 loss (ema): 0.006 	 Time elapsed: 3.251 hr
2024-05-23 19:17:23	Steps: 13933/81000 	 loss (ema): 0.006 	 Time elapsed: 3.295 hr
2024-05-23 19:19:18	Steps: 14095/81000 	 loss (ema): 0.006 	 Time elapsed: 3.327 hr
2024-05-23 19:21:57	Steps: 14257/81000 	 loss (ema): 0.006 	 Time elapsed: 3.371 hr
2024-05-23 19:23:55	Steps: 14419/81000 	 loss (ema): 0.006 	 Time elapsed: 3.404 hr
2024-05-23 19:26:34	Steps: 14581/81000 	 loss (ema): 0.006 	 Time elapsed: 3.448 hr
2024-05-23 19:28:33	Steps: 14743/81000 	 loss (ema): 0.006 	 Time elapsed: 3.481 hr
2024-05-23 19:31:12	Steps: 14905/81000 	 loss (ema): 0.006 	 Time elapsed: 3.525 hr
2024-05-23 19:33:08	Steps: 15067/81000 	 loss (ema): 0.006 	 Time elapsed: 3.558 hr
2024-05-23 19:35:48	Steps: 15229/81000 	 loss (ema): 0.006 	 Time elapsed: 3.602 hr
2024-05-23 19:37:46	Steps: 15391/81000 	 loss (ema): 0.006 	 Time elapsed: 3.635 hr
2024-05-23 19:40:25	Steps: 15553/81000 	 loss (ema): 0.006 	 Time elapsed: 3.679 hr
2024-05-23 19:42:21	Steps: 15715/81000 	 loss (ema): 0.006 	 Time elapsed: 3.711 hr
2024-05-23 19:45:00	Steps: 15877/81000 	 loss (ema): 0.006 	 Time elapsed: 3.755 hr
2024-05-23 19:46:57	Steps: 16039/81000 	 loss (ema): 0.006 	 Time elapsed: 3.788 hr
2024-05-23 19:49:37	Steps: 16201/81000 	 loss (ema): 0.006 	 Time elapsed: 3.832 hr
2024-05-23 19:51:33	Steps: 16363/81000 	 loss (ema): 0.006 	 Time elapsed: 3.864 hr
2024-05-23 19:54:12	Steps: 16525/81000 	 loss (ema): 0.005 	 Time elapsed: 3.909 hr
2024-05-23 19:56:09	Steps: 16687/81000 	 loss (ema): 0.006 	 Time elapsed: 3.941 hr
2024-05-23 19:58:49	Steps: 16849/81000 	 loss (ema): 0.006 	 Time elapsed: 3.985 hr
